<?xml version="1.0" encoding="UTF-8"?>
<!-- Generated by org.testng.reporters.JUnitReportReporter -->
<testsuite hostname="optimuslap-16" name="com.xm.qa.test.AddUserTest" tests="1" failures="0" timestamp="27 Apr 2020 11:53:51 GMT" time="50.912" errors="0">
  <testcase name="addUser" time="50.912" classname="com.xm.qa.test.AddUserTest"/>
</testsuite> <!-- com.xm.qa.test.AddUserTest -->
