<?xml version="1.0" encoding="UTF-8"?>
<!-- Generated by org.testng.reporters.JUnitReportReporter -->
<testsuite hostname="optimuslap-16" name="com.xm.qa.test.LoginTest" tests="1" failures="0" timestamp="26 Apr 2020 17:24:39 GMT" time="26.947" errors="0">
  <testcase name="login" time="26.947" classname="com.xm.qa.test.LoginTest"/>
</testsuite> <!-- com.xm.qa.test.LoginTest -->
