<?xml version="1.0" encoding="UTF-8"?>
<!-- Generated by org.testng.reporters.JUnitReportReporter -->
<testsuite hostname="optimuslap-16" name="com.xm.qa.test.LoginTest" tests="1" failures="0" timestamp="11 Mar 2020 12:36:14 GMT" time="39.492" errors="0">
  <testcase name="login" time="39.492" classname="com.xm.qa.test.LoginTest"/>
</testsuite> <!-- com.xm.qa.test.LoginTest -->
