<?xml version="1.0" encoding="UTF-8"?>
<!-- Generated by org.testng.reporters.JUnitReportReporter -->
<testsuite hostname="optimuslap-16" name="com.xm.qa.test.UsersTest" tests="1" failures="0" timestamp="27 Apr 2020 11:50:40 GMT" time="60.285" errors="0">
  <testcase name="clickUsers" time="60.285" classname="com.xm.qa.test.UsersTest"/>
</testsuite> <!-- com.xm.qa.test.UsersTest -->
