<?xml version="1.0" encoding="UTF-8"?>
<!-- Generated by org.testng.reporters.JUnitReportReporter -->
<testsuite hostname="optimuslap-16" name="com.xm.qa.test.LoginTest" tests="1" failures="0" timestamp="27 Apr 2020 11:47:25 GMT" time="37.457" errors="0">
  <testcase name="login" time="37.457" classname="com.xm.qa.test.LoginTest"/>
</testsuite> <!-- com.xm.qa.test.LoginTest -->
